+---------------------------------------------------------------------+
|  Log file: mau.resources.log                                        |
|  Compiler version: 9.7.0                                            |
|  Created on: Mon Mar 18 10:04:18 2024                               |
|  Run ID: d38c234a2b012315                                           |
+---------------------------------------------------------------------+


---------------------------------------------------------------------------------------------------------------------------------------------------------------------------------------------------------------------------------------------------------------------------------------------------------------------------------------------------------------
| Stage Number | Exact Match Input xbar | Ternary Match Input xbar | Hash Bit | Hash Dist Unit | Gateway | SRAM | Map RAM | TCAM | VLIW Instr | Meter ALU | Stats ALU | Stash | Exact Match Search Bus | Exact Match Result Bus | Tind Result Bus | Action Data Bus Bytes | 8-bit Action Slots | 16-bit Action Slots | 32-bit Action Slots | Logical TableID |
---------------------------------------------------------------------------------------------------------------------------------------------------------------------------------------------------------------------------------------------------------------------------------------------------------------------------------------------------------------
|      0       |           2            |            0             |    0     |       0        |    1    |  0   |    0    |  0   |     1      |     0     |     0     |   0   |           1            |           0            |        2        |           4           |         0          |          0          |          0          |        2        |
|      1       |           12           |            0             |    50    |       0        |    4    |  5   |    0    |  0   |     3      |     0     |     0     |   2   |           4            |           2            |        3        |           8           |         0          |          0          |          0          |        6        |
|      2       |           2            |            0             |    4     |       0        |    2    |  0   |    0    |  0   |     3      |     0     |     0     |   0   |           2            |           0            |        3        |           4           |         0          |          0          |          0          |        3        |
|      3       |           1            |            0             |    10    |       0        |    0    |  1   |    0    |  0   |     31     |     0     |     0     |   1   |           1            |           1            |        0        |           4           |         0          |          0          |          0          |        1        |
|      4       |           5            |            0             |    3     |       1        |    1    |  2   |    2    |  0   |     1      |     1     |     0     |   0   |           1            |           1            |        0        |           0           |         0          |          0          |          0          |        1        |
|      5       |           0            |            0             |    0     |       0        |    0    |  0   |    0    |  0   |     0      |     0     |     0     |   0   |           0            |           0            |        0        |           0           |         0          |          0          |          0          |        0        |
|      6       |           0            |            0             |    0     |       0        |    0    |  0   |    0    |  0   |     0      |     0     |     0     |   0   |           0            |           0            |        0        |           0           |         0          |          0          |          0          |        0        |
|      7       |           0            |            0             |    0     |       0        |    0    |  0   |    0    |  0   |     0      |     0     |     0     |   0   |           0            |           0            |        0        |           0           |         0          |          0          |          0          |        0        |
|      8       |           0            |            0             |    0     |       0        |    0    |  0   |    0    |  0   |     0      |     0     |     0     |   0   |           0            |           0            |        0        |           0           |         0          |          0          |          0          |        0        |
|      9       |           0            |            0             |    0     |       0        |    0    |  0   |    0    |  0   |     0      |     0     |     0     |   0   |           0            |           0            |        0        |           0           |         0          |          0          |          0          |        0        |
|      10      |           0            |            0             |    0     |       0        |    0    |  0   |    0    |  0   |     0      |     0     |     0     |   0   |           0            |           0            |        0        |           0           |         0          |          0          |          0          |        0        |
|      11      |           0            |            0             |    0     |       0        |    0    |  0   |    0    |  0   |     0      |     0     |     0     |   0   |           0            |           0            |        0        |           0           |         0          |          0          |          0          |        0        |
|              |                        |                          |          |                |         |      |         |      |            |           |           |       |                        |                        |                 |                       |                    |                     |                     |                 |
|    Totals    |           22           |            0             |    67    |       1        |    8    |  8   |    2    |  0   |     39     |     1     |     0     |   3   |           9            |           4            |        8        |           20          |         0          |          0          |          0          |        13       |
---------------------------------------------------------------------------------------------------------------------------------------------------------------------------------------------------------------------------------------------------------------------------------------------------------------------------------------------------------------


------------------------------------------------------------------------------------------------------------------------------------------------------------------------------------------------------------------------------------------------------------------------------------------------------------------------------------------------------------------
| Stage Number | Exact Match Input xbar | Ternary Match Input xbar | Hash Bit | Hash Dist Unit | Gateway |  SRAM | Map RAM |  TCAM | VLIW Instr | Meter ALU | Stats ALU | Stash  | Exact Match Search Bus | Exact Match Result Bus | Tind Result Bus | Action Data Bus Bytes | 8-bit Action Slots | 16-bit Action Slots | 32-bit Action Slots | Logical TableID |
------------------------------------------------------------------------------------------------------------------------------------------------------------------------------------------------------------------------------------------------------------------------------------------------------------------------------------------------------------------
|      0       |         1.56%          |          0.00%           |  0.00%   |     0.00%      |  6.25%  | 0.00% |  0.00%  | 0.00% |   3.12%    |   0.00%   |   0.00%   | 0.00%  |         6.25%          |         0.00%          |      12.50%     |         3.12%         |       0.00%        |        0.00%        |        0.00%        |      12.50%     |
|      1       |         9.38%          |          0.00%           |  12.02%  |     0.00%      |  25.00% | 6.25% |  0.00%  | 0.00% |   9.38%    |   0.00%   |   0.00%   | 12.50% |         25.00%         |         12.50%         |      18.75%     |         6.25%         |       0.00%        |        0.00%        |        0.00%        |      37.50%     |
|      2       |         1.56%          |          0.00%           |  0.96%   |     0.00%      |  12.50% | 0.00% |  0.00%  | 0.00% |   9.38%    |   0.00%   |   0.00%   | 0.00%  |         12.50%         |         0.00%          |      18.75%     |         3.12%         |       0.00%        |        0.00%        |        0.00%        |      18.75%     |
|      3       |         0.78%          |          0.00%           |  2.40%   |     0.00%      |  0.00%  | 1.25% |  0.00%  | 0.00% |   96.88%   |   0.00%   |   0.00%   | 6.25%  |         6.25%          |         6.25%          |      0.00%      |         3.12%         |       0.00%        |        0.00%        |        0.00%        |      6.25%      |
|      4       |         3.91%          |          0.00%           |  0.72%   |     16.67%     |  6.25%  | 2.50% |  4.17%  | 0.00% |   3.12%    |   25.00%  |   0.00%   | 0.00%  |         6.25%          |         6.25%          |      0.00%      |         0.00%         |       0.00%        |        0.00%        |        0.00%        |      6.25%      |
|      5       |         0.00%          |          0.00%           |  0.00%   |     0.00%      |  0.00%  | 0.00% |  0.00%  | 0.00% |   0.00%    |   0.00%   |   0.00%   | 0.00%  |         0.00%          |         0.00%          |      0.00%      |         0.00%         |       0.00%        |        0.00%        |        0.00%        |      0.00%      |
|      6       |         0.00%          |          0.00%           |  0.00%   |     0.00%      |  0.00%  | 0.00% |  0.00%  | 0.00% |   0.00%    |   0.00%   |   0.00%   | 0.00%  |         0.00%          |         0.00%          |      0.00%      |         0.00%         |       0.00%        |        0.00%        |        0.00%        |      0.00%      |
|      7       |         0.00%          |          0.00%           |  0.00%   |     0.00%      |  0.00%  | 0.00% |  0.00%  | 0.00% |   0.00%    |   0.00%   |   0.00%   | 0.00%  |         0.00%          |         0.00%          |      0.00%      |         0.00%         |       0.00%        |        0.00%        |        0.00%        |      0.00%      |
|      8       |         0.00%          |          0.00%           |  0.00%   |     0.00%      |  0.00%  | 0.00% |  0.00%  | 0.00% |   0.00%    |   0.00%   |   0.00%   | 0.00%  |         0.00%          |         0.00%          |      0.00%      |         0.00%         |       0.00%        |        0.00%        |        0.00%        |      0.00%      |
|      9       |         0.00%          |          0.00%           |  0.00%   |     0.00%      |  0.00%  | 0.00% |  0.00%  | 0.00% |   0.00%    |   0.00%   |   0.00%   | 0.00%  |         0.00%          |         0.00%          |      0.00%      |         0.00%         |       0.00%        |        0.00%        |        0.00%        |      0.00%      |
|      10      |         0.00%          |          0.00%           |  0.00%   |     0.00%      |  0.00%  | 0.00% |  0.00%  | 0.00% |   0.00%    |   0.00%   |   0.00%   | 0.00%  |         0.00%          |         0.00%          |      0.00%      |         0.00%         |       0.00%        |        0.00%        |        0.00%        |      0.00%      |
|      11      |         0.00%          |          0.00%           |  0.00%   |     0.00%      |  0.00%  | 0.00% |  0.00%  | 0.00% |   0.00%    |   0.00%   |   0.00%   | 0.00%  |         0.00%          |         0.00%          |      0.00%      |         0.00%         |       0.00%        |        0.00%        |        0.00%        |      0.00%      |
|              |                        |                          |          |                |         |       |         |       |            |           |           |        |                        |                        |                 |                       |                    |                     |                     |                 |
|   Average    |         3.44%          |          0.00%           |  3.22%   |     3.33%      |  10.00% | 2.00% |  0.83%  | 0.00% |   24.38%   |   5.00%   |   0.00%   | 3.75%  |         11.25%         |         5.00%          |      10.00%     |         3.12%         |       0.00%        |        0.00%        |        0.00%        |      16.25%     |
------------------------------------------------------------------------------------------------------------------------------------------------------------------------------------------------------------------------------------------------------------------------------------------------------------------------------------------------------------------


Allocated Resource Usage
-----------------------------------------------------------------------------------------------------------------------------------------------
|               Table                | Stage  | Crossbar | Hash | Gateways | RAMs | TCAMs | Map  | Action |  VLIW |  Exm   |  Exm   |  Tind  |
|                Name                | Number |  Bytes   | Bits |          |      |       | RAMs |  Data  | Slots | Search | Result | Result |
|                                    |        |          |      |          |      |       |      |  Bus   |       |  Bus   |  Bus   |  Bus   |
|                                    |        |          |      |          |      |       |      | Bytes  |       |        |        |        |
-----------------------------------------------------------------------------------------------------------------------------------------------
| SwitchIngressParser.$PORT_METADATA |   -1   |    0     |  0   |    0     |  0   |   0   |  0   |   0    |   0   |   0    |   0    |   0    |
|  SwitchIngress.tb_init_switch_id   |   0    |    0     |  0   |    0     |  0   |   0   |  0   |   4    |   2   |   0    |   0    |   1    |
|              cond-14               |   0    |    2     |  0   |    1     |  0   |   0   |  0   |   0    |   0   |   1    |   0    |   0    |
|            tbl_lldpd389            |   0    |    0     |  0   |    0     |  0   |   0   |  0   |   0    |   1   |   0    |   0    |   1    |
|      SwitchIngress.broadcast       |   1    |    2     |  10  |    0     |  1   |   0   |  0   |   2    |   2   |   1    |   1    |   0    |
|    SwitchIngress.tb_check_link     |   1    |    8     |  40  |    0     |  4   |   0   |  0   |   2    |   2   |   1    |   1    |   0    |
|              cond-12               |   1    |    1     |  0   |    1     |  0   |   0   |  0   |   0    |   0   |   1    |   0    |   0    |
|              cond-13               |   1    |    1     |  0   |    1     |  0   |   0   |  0   |   0    |   0   |   1    |   0    |   0    |
|               cond-8               |   1    |    1     |  0   |    1     |  0   |   0   |  0   |   0    |   0   |   1    |   0    |   0    |
|               cond-9               |   1    |    2     |  0   |    1     |  0   |   0   |  0   |   0    |   0   |   1    |   0    |   0    |
|            tbl_lldpd293            |   1    |    0     |  0   |    0     |  0   |   0   |  0   |   0    |   1   |   0    |   0    |   1    |
|            tbl_lldpd317            |   1    |    0     |  0   |    0     |  0   |   0   |  0   |   4    |   1   |   0    |   0    |   1    |
|            tbl_lldpd390            |   1    |    0     |  0   |    0     |  0   |   0   |  0   |   0    |   1   |   0    |   0    |   1    |
|              cond-10               |   2    |    2     |  0   |    1     |  0   |   0   |  0   |   0    |   0   |   1    |   0    |   0    |
|              cond-11               |   2    |    2     |  4   |    1     |  0   |   0   |  0   |   0    |   0   |   1    |   0    |   0    |
|            tbl_lldpd298            |   2    |    0     |  0   |    0     |  0   |   0   |  0   |   2    |   1   |   0    |   0    |   1    |
|            tbl_lldpd303            |   2    |    0     |  0   |    0     |  0   |   0   |  0   |   0    |   1   |   0    |   0    |   1    |
|            tbl_lldpd308            |   2    |    0     |  0   |    0     |  0   |   0   |  0   |   2    |   1   |   0    |   0    |   1    |
|       SwitchIngress.shift_c        |   3    |    1     |  10  |    0     |  1   |   0   |  0   |   4    |   33  |   1    |   1    |   0    |
|     SwitchIngress.active_ports     |   4    |    4     |  0   |    0     |  2   |   0   |  2   |   0    |   0   |   0    |   0    |   0    |
|            tbl_lldpd313            |   4    |    1     |  3   |    0     |  0   |   0   |  0   |   0    |   1   |   0    |   1    |   0    |
|        tbl_lldpd313-gateway        |   4    |    0     |  0   |    1     |  0   |   0   |  0   |   0    |   0   |   1    |   0    |   0    |
-----------------------------------------------------------------------------------------------------------------------------------------------

