+---------------------------------------------------------------------+
|  Log file: pa.characterize.log                                      |
|  Compiler version: 9.7.0                                            |
|  Created on: Mon Mar 18 10:04:18 2024                               |
|  Run ID: d38c234a2b012315                                           |
+---------------------------------------------------------------------+

Program: lldpd.p4

-----------------------------------------------------------------------------------------------------------------------------------------
| Container |  Gress  |                   Name                   | Class |  | P | 0 | 1  | 2 | 3 | 4 | 5 | 6 | 7 | 8 | 9 | 10 | 11 | D |
-----------------------------------------------------------------------------------------------------------------------------------------
|    phv0   | ingress |                                          | OL,SH |  |   |   |    |   |   |   |   |   |   |   |   |    |    |   |
|   [31:0]  | ingress |     hdr.cpu_metadata.switch_id[31:0]     |  pkt  |  | W | ~ | W  | ~ | ~ | ~ | ~ | ~ | ~ | ~ | ~ | ~  | ~  | R |
|   [31:0]  | ingress |         hdr.lldp.switch_id[31:0]         |  pkt  |  | W | ~ | RW | ~ | ~ | ~ | ~ | ~ | ~ | ~ | ~ | ~  | ~  | R |
|    phv1   | ingress |                                          |       |  |   |   |    |   |   |   |   |   |   |   |   |    |    |   |
|   [31:0]  | ingress |           meta.switch_id[31:0]           |  meta |  |   | W | R  |   |   |   |   |   |   |   |   |    |    |   |
|    phv2   | ingress |                                          |       |  |   |   |    |   |   |   |   |   |   |   |   |    |    |   |
|   [31:0]  | ingress |        hdr.ethernet.dstAddr[31:0]        |  pkt  |  | W | ~ | W  | ~ | ~ | ~ | ~ | ~ | ~ | ~ | ~ | ~  | ~  | R |
|    phv3   | ingress |                                          |       |  |   |   |    |   |   |   |   |   |   |   |   |    |    |   |
|   [31:0]  | ingress |               meta.r[31:0]               |  meta |  |   |   |    |   | W |   |   |   |   |   |   |    |    |   |
|    phv4   |    -    |                                          |       |  |   |   |    |   |   |   |   |   |   |   |   |    |    |   |
|    phv5   |    -    |                                          |       |  |   |   |    |   |   |   |   |   |   |   |   |    |    |   |
|    phv6   |    -    |                                          |       |  |   |   |    |   |   |   |   |   |   |   |   |    |    |   |
|    phv7   |    -    |                                          |       |  |   |   |    |   |   |   |   |   |   |   |   |    |    |   |
|    phv8   |    -    |                                          |       |  |   |   |    |   |   |   |   |   |   |   |   |    |    |   |
|    phv9   |    -    |                                          |       |  |   |   |    |   |   |   |   |   |   |   |   |    |    |   |
|   phv10   |    -    |                                          |       |  |   |   |    |   |   |   |   |   |   |   |   |    |    |   |
|   phv11   |    -    |                                          |       |  |   |   |    |   |   |   |   |   |   |   |   |    |    |   |
|   phv12   |    -    |                                          |       |  |   |   |    |   |   |   |   |   |   |   |   |    |    |   |
|   phv13   |    -    |                                          |       |  |   |   |    |   |   |   |   |   |   |   |   |    |    |   |
|   phv14   |    -    |                                          |       |  |   |   |    |   |   |   |   |   |   |   |   |    |    |   |
|   phv15   |    -    |                                          |       |  |   |   |    |   |   |   |   |   |   |   |   |    |    |   |
|   phv16   |    -    |                                          |       |  |   |   |    |   |   |   |   |   |   |   |   |    |    |   |
|   phv17   |    -    |                                          |       |  |   |   |    |   |   |   |   |   |   |   |   |    |    |   |
|   phv18   |    -    |                                          |       |  |   |   |    |   |   |   |   |   |   |   |   |    |    |   |
|   phv19   |    -    |                                          |       |  |   |   |    |   |   |   |   |   |   |   |   |    |    |   |
|   phv20   |    -    |                                          |       |  |   |   |    |   |   |   |   |   |   |   |   |    |    |   |
|   phv21   |    -    |                                          |       |  |   |   |    |   |   |   |   |   |   |   |   |    |    |   |
|   phv22   |    -    |                                          |       |  |   |   |    |   |   |   |   |   |   |   |   |    |    |   |
|   phv23   |    -    |                                          |       |  |   |   |    |   |   |   |   |   |   |   |   |    |    |   |
|   phv24   |    -    |                                          |       |  |   |   |    |   |   |   |   |   |   |   |   |    |    |   |
|   phv25   |    -    |                                          |       |  |   |   |    |   |   |   |   |   |   |   |   |    |    |   |
|   phv26   |    -    |                                          |       |  |   |   |    |   |   |   |   |   |   |   |   |    |    |   |
|   phv27   |    -    |                                          |       |  |   |   |    |   |   |   |   |   |   |   |   |    |    |   |
|   phv28   |    -    |                                          |       |  |   |   |    |   |   |   |   |   |   |   |   |    |    |   |
|   phv29   |    -    |                                          |       |  |   |   |    |   |   |   |   |   |   |   |   |    |    |   |
|   phv30   |    -    |                                          |       |  |   |   |    |   |   |   |   |   |   |   |   |    |    |   |
|   phv31   |    -    |                                          |       |  |   |   |    |   |   |   |   |   |   |   |   |    |    |   |
|   phv32   |    -    |                                          |       |  |   |   |    |   |   |   |   |   |   |   |   |    |    |   |
|   phv33   |    -    |                                          |       |  |   |   |    |   |   |   |   |   |   |   |   |    |    |   |
|   phv34   |    -    |                                          |       |  |   |   |    |   |   |   |   |   |   |   |   |    |    |   |
|   phv35   |    -    |                                          |       |  |   |   |    |   |   |   |   |   |   |   |   |    |    |   |
|   phv36   |    -    |                                          |       |  |   |   |    |   |   |   |   |   |   |   |   |    |    |   |
|   phv37   |    -    |                                          |       |  |   |   |    |   |   |   |   |   |   |   |   |    |    |   |
|   phv38   |    -    |                                          |       |  |   |   |    |   |   |   |   |   |   |   |   |    |    |   |
|   phv39   |    -    |                                          |       |  |   |   |    |   |   |   |   |   |   |   |   |    |    |   |
|   phv40   |    -    |                                          |       |  |   |   |    |   |   |   |   |   |   |   |   |    |    |   |
|   phv41   |    -    |                                          |       |  |   |   |    |   |   |   |   |   |   |   |   |    |    |   |
|   phv42   |    -    |                                          |       |  |   |   |    |   |   |   |   |   |   |   |   |    |    |   |
|   phv43   |    -    |                                          |       |  |   |   |    |   |   |   |   |   |   |   |   |    |    |   |
|   phv44   |    -    |                                          |       |  |   |   |    |   |   |   |   |   |   |   |   |    |    |   |
|   phv45   |    -    |                                          |       |  |   |   |    |   |   |   |   |   |   |   |   |    |    |   |
|   phv46   |    -    |                                          |       |  |   |   |    |   |   |   |   |   |   |   |   |    |    |   |
|   phv47   |    -    |                                          |       |  |   |   |    |   |   |   |   |   |   |   |   |    |    |   |
|   phv48   |    -    |                                          |       |  |   |   |    |   |   |   |   |   |   |   |   |    |    |   |
|   phv49   |    -    |                                          |       |  |   |   |    |   |   |   |   |   |   |   |   |    |    |   |
|   phv50   |    -    |                                          |       |  |   |   |    |   |   |   |   |   |   |   |   |    |    |   |
|   phv51   |    -    |                                          |       |  |   |   |    |   |   |   |   |   |   |   |   |    |    |   |
|   phv52   |    -    |                                          |       |  |   |   |    |   |   |   |   |   |   |   |   |    |    |   |
|   phv53   |    -    |                                          |       |  |   |   |    |   |   |   |   |   |   |   |   |    |    |   |
|   phv54   |    -    |                                          |       |  |   |   |    |   |   |   |   |   |   |   |   |    |    |   |
|   phv55   |    -    |                                          |       |  |   |   |    |   |   |   |   |   |   |   |   |    |    |   |
|   phv56   |    -    |                                          |       |  |   |   |    |   |   |   |   |   |   |   |   |    |    |   |
|   phv57   |    -    |                                          |       |  |   |   |    |   |   |   |   |   |   |   |   |    |    |   |
|   phv58   |    -    |                                          |       |  |   |   |    |   |   |   |   |   |   |   |   |    |    |   |
|   phv59   |    -    |                                          |       |  |   |   |    |   |   |   |   |   |   |   |   |    |    |   |
|   phv60   |    -    |                                          |       |  |   |   |    |   |   |   |   |   |   |   |   |    |    |   |
|   phv61   |    -    |                                          |       |  |   |   |    |   |   |   |   |   |   |   |   |    |    |   |
|   phv62   |    -    |                                          |       |  |   |   |    |   |   |   |   |   |   |   |   |    |    |   |
|   phv63   |    -    |                                          |       |  |   |   |    |   |   |   |   |   |   |   |   |    |    |   |
|           |         |                                          |       |  |   |   |    |   |   |   |   |   |   |   |   |    |    |   |
|   phv64   | ingress |                                          |       |  |   |   |    |   |   |   |   |   |   |   |   |    |    |   |
|    [7:0]  | ingress |      hdr.cpu_metadata.fromCpu[7:0]       |  pkt  |  | W | ~ | ~  | ~ | ~ | ~ | ~ | ~ | ~ | ~ | ~ | ~  | ~  | R |
|   phv65   | ingress |                                          |   SH  |  |   |   |    |   |   |   |   |   |   |   |   |    |    |   |
|    [5:3]  | ingress |               flag_0[2:0]                |  meta |  |   |   |    | W |   |   |   |   |   |   |   |    |    |   |
|    [2:2]  | ingress |           hdr.lldp.$valid[0:0]           |  pov  |  | W | ~ | W  | ~ | ~ | ~ | ~ | ~ | ~ | ~ | ~ | ~  | ~  | R |
|    [1:1]  | ingress |       hdr.cpu_metadata.$valid[0:0]       |  pov  |  | W | ~ | W  | ~ | ~ | ~ | ~ | ~ | ~ | ~ | ~ | ~  | ~  | R |
|    [0:0]  | ingress |         hdr.ethernet.$valid[0:0]         |  pov  |  | W | ~ | ~  | ~ | ~ | ~ | ~ | ~ | ~ | ~ | ~ | ~  | ~  | R |
|   phv66   |    -    |                                          |       |  |   |   |    |   |   |   |   |   |   |   |   |    |    |   |
|   phv67   |    -    |                                          |       |  |   |   |    |   |   |   |   |   |   |   |   |    |    |   |
|   phv68   |    -    |                                          |       |  |   |   |    |   |   |   |   |   |   |   |   |    |    |   |
|   phv69   |    -    |                                          |       |  |   |   |    |   |   |   |   |   |   |   |   |    |    |   |
|   phv70   |    -    |                                          |       |  |   |   |    |   |   |   |   |   |   |   |   |    |    |   |
|   phv71   |    -    |                                          |       |  |   |   |    |   |   |   |   |   |   |   |   |    |    |   |
|   phv72   |    -    |                                          |       |  |   |   |    |   |   |   |   |   |   |   |   |    |    |   |
|   phv73   |    -    |                                          |       |  |   |   |    |   |   |   |   |   |   |   |   |    |    |   |
|   phv74   |    -    |                                          |       |  |   |   |    |   |   |   |   |   |   |   |   |    |    |   |
|   phv75   |    -    |                                          |       |  |   |   |    |   |   |   |   |   |   |   |   |    |    |   |
|   phv76   |    -    |                                          |       |  |   |   |    |   |   |   |   |   |   |   |   |    |    |   |
|   phv77   |    -    |                                          |       |  |   |   |    |   |   |   |   |   |   |   |   |    |    |   |
|   phv78   |    -    |                                          |       |  |   |   |    |   |   |   |   |   |   |   |   |    |    |   |
|   phv79   |    -    |                                          |       |  |   |   |    |   |   |   |   |   |   |   |   |    |    |   |
|   phv80   |  egress |                                          |       |  |   |   |    |   |   |   |   |   |   |   |   |    |    |   |
|    [7:0]  |  egress |      hdr.cpu_metadata.fromCpu[7:0]       |  pkt  |  | W | ~ | ~  | ~ | ~ | ~ | ~ | ~ | ~ | ~ | ~ | ~  | ~  | R |
|   phv81   |  egress |                                          |   SH  |  |   |   |    |   |   |   |   |   |   |   |   |    |    |   |
|    [2:2]  |  egress |           hdr.lldp.$valid[0:0]           |  pov  |  | W | ~ | ~  | ~ | ~ | ~ | ~ | ~ | ~ | ~ | ~ | ~  | ~  | R |
|    [1:1]  |  egress |       hdr.cpu_metadata.$valid[0:0]       |  pov  |  | W | W | ~  | ~ | ~ | ~ | ~ | ~ | ~ | ~ | ~ | ~  | ~  | R |
|    [0:0]  |  egress |         hdr.ethernet.$valid[0:0]         |  pov  |  | W | ~ | ~  | ~ | ~ | ~ | ~ | ~ | ~ | ~ | ~ | ~  | ~  | R |
|   phv82   |    -    |                                          |       |  |   |   |    |   |   |   |   |   |   |   |   |    |    |   |
|   phv83   |    -    |                                          |       |  |   |   |    |   |   |   |   |   |   |   |   |    |    |   |
|   phv84   |    -    |                                          |       |  |   |   |    |   |   |   |   |   |   |   |   |    |    |   |
|   phv85   |    -    |                                          |       |  |   |   |    |   |   |   |   |   |   |   |   |    |    |   |
|   phv86   |    -    |                                          |       |  |   |   |    |   |   |   |   |   |   |   |   |    |    |   |
|   phv87   |    -    |                                          |       |  |   |   |    |   |   |   |   |   |   |   |   |    |    |   |
|   phv88   |    -    |                                          |       |  |   |   |    |   |   |   |   |   |   |   |   |    |    |   |
|   phv89   |    -    |                                          |       |  |   |   |    |   |   |   |   |   |   |   |   |    |    |   |
|   phv90   |    -    |                                          |       |  |   |   |    |   |   |   |   |   |   |   |   |    |    |   |
|   phv91   |    -    |                                          |       |  |   |   |    |   |   |   |   |   |   |   |   |    |    |   |
|   phv92   |    -    |                                          |       |  |   |   |    |   |   |   |   |   |   |   |   |    |    |   |
|   phv93   |    -    |                                          |       |  |   |   |    |   |   |   |   |   |   |   |   |    |    |   |
|   phv94   |    -    |                                          |       |  |   |   |    |   |   |   |   |   |   |   |   |    |    |   |
|   phv95   |    -    |                                          |       |  |   |   |    |   |   |   |   |   |   |   |   |    |    |   |
|   phv96   |    -    |                                          |       |  |   |   |    |   |   |   |   |   |   |   |   |    |    |   |
|   phv97   |    -    |                                          |       |  |   |   |    |   |   |   |   |   |   |   |   |    |    |   |
|   phv98   |    -    |                                          |       |  |   |   |    |   |   |   |   |   |   |   |   |    |    |   |
|   phv99   |    -    |                                          |       |  |   |   |    |   |   |   |   |   |   |   |   |    |    |   |
|   phv100  |    -    |                                          |       |  |   |   |    |   |   |   |   |   |   |   |   |    |    |   |
|   phv101  |    -    |                                          |       |  |   |   |    |   |   |   |   |   |   |   |   |    |    |   |
|   phv102  |    -    |                                          |       |  |   |   |    |   |   |   |   |   |   |   |   |    |    |   |
|   phv103  |    -    |                                          |       |  |   |   |    |   |   |   |   |   |   |   |   |    |    |   |
|   phv104  |    -    |                                          |       |  |   |   |    |   |   |   |   |   |   |   |   |    |    |   |
|   phv105  |    -    |                                          |       |  |   |   |    |   |   |   |   |   |   |   |   |    |    |   |
|   phv106  |    -    |                                          |       |  |   |   |    |   |   |   |   |   |   |   |   |    |    |   |
|   phv107  |    -    |                                          |       |  |   |   |    |   |   |   |   |   |   |   |   |    |    |   |
|   phv108  |    -    |                                          |       |  |   |   |    |   |   |   |   |   |   |   |   |    |    |   |
|   phv109  |    -    |                                          |       |  |   |   |    |   |   |   |   |   |   |   |   |    |    |   |
|   phv110  |    -    |                                          |       |  |   |   |    |   |   |   |   |   |   |   |   |    |    |   |
|   phv111  |    -    |                                          |       |  |   |   |    |   |   |   |   |   |   |   |   |    |    |   |
|   phv112  |    -    |                                          |       |  |   |   |    |   |   |   |   |   |   |   |   |    |    |   |
|   phv113  |    -    |                                          |       |  |   |   |    |   |   |   |   |   |   |   |   |    |    |   |
|   phv114  |    -    |                                          |       |  |   |   |    |   |   |   |   |   |   |   |   |    |    |   |
|   phv115  |    -    |                                          |       |  |   |   |    |   |   |   |   |   |   |   |   |    |    |   |
|   phv116  |    -    |                                          |       |  |   |   |    |   |   |   |   |   |   |   |   |    |    |   |
|   phv117  |    -    |                                          |       |  |   |   |    |   |   |   |   |   |   |   |   |    |    |   |
|   phv118  |    -    |                                          |       |  |   |   |    |   |   |   |   |   |   |   |   |    |    |   |
|   phv119  |    -    |                                          |       |  |   |   |    |   |   |   |   |   |   |   |   |    |    |   |
|   phv120  |    -    |                                          |       |  |   |   |    |   |   |   |   |   |   |   |   |    |    |   |
|   phv121  |    -    |                                          |       |  |   |   |    |   |   |   |   |   |   |   |   |    |    |   |
|   phv122  |    -    |                                          |       |  |   |   |    |   |   |   |   |   |   |   |   |    |    |   |
|   phv123  |    -    |                                          |       |  |   |   |    |   |   |   |   |   |   |   |   |    |    |   |
|   phv124  |    -    |                                          |       |  |   |   |    |   |   |   |   |   |   |   |   |    |    |   |
|   phv125  |    -    |                                          |       |  |   |   |    |   |   |   |   |   |   |   |   |    |    |   |
|   phv126  |    -    |                                          |       |  |   |   |    |   |   |   |   |   |   |   |   |    |    |   |
|   phv127  |    -    |                                          |       |  |   |   |    |   |   |   |   |   |   |   |   |    |    |   |
|           |         |                                          |       |  |   |   |    |   |   |   |   |   |   |   |   |    |    |   |
|   phv128  | ingress |                                          | OL,SH |  |   |   |    |   |   |   |   |   |   |   |   |    |    |   |
|   [15:0]  | ingress |   hdr.cpu_metadata.origEtherType[15:0]   |  pkt  |  | W | ~ | RW | ~ | ~ | ~ | ~ | ~ | ~ | ~ | ~ | ~  | ~  | R |
|   [15:0]  | ingress |          hdr.lldp.port_id[15:0]          |  pkt  |  | W | ~ | R  | ~ | ~ | ~ | ~ | ~ | ~ | ~ | ~ | ~  | ~  | R |
|   phv129  | ingress |                                          |       |  |   |   |    |   |   |   |   |   |   |   |   |    |    |   |
|   [15:0]  | ingress |       hdr.ethernet.etherType[15:0]       |  pkt  |  | W | ~ | RW | ~ | ~ | ~ | ~ | ~ | ~ | ~ | ~ | ~  | ~  | R |
|   phv130  | ingress |                                          |       |  |   |   |    |   |   |   |   |   |   |   |   |    |    |   |
|    [8:0]  | ingress |       ig_intr_md.ingress_port[8:0]       | imeta |  |   |   | R  |   |   |   |   |   |   |   |   |    |    |   |
|   phv131  | ingress |                                          |       |  |   |   |    |   |   |   |   |   |   |   |   |    |    |   |
|   [15:0]  | ingress |      hdr.cpu_metadata.srcPort[15:0]      |  pkt  |  | W | ~ | ~  | ~ | ~ | ~ | ~ | ~ | ~ | ~ | ~ | ~  | ~  | R |
|   phv132  | ingress |                                          |       |  |   |   |    |   |   |   |   |   |   |   |   |    |    |   |
|    [5:0]  | ingress |           meta.shift_len[5:0]            |  meta |  |   |   | W  | W | R |   |   |   |   |   |   |    |    |   |
|   phv133  | ingress |                                          |       |  |   |   |    |   |   |   |   |   |   |   |   |    |    |   |
|   [15:0]  | ingress |   ig_intr_md_for_tm.mcast_grp_a[15:0]    | imeta |  |   |   | W  | ~ | ~ | ~ | ~ | ~ | ~ | ~ | ~ | ~  | ~  | R |
|   phv134  | ingress |                                          |       |  |   |   |    |   |   |   |   |   |   |   |   |    |    |   |
|    [8:0]  | ingress | ig_intr_md_for_tm.ucast_egress_port[8:0] | imeta |  |   |   | W  | ~ | ~ | ~ | ~ | ~ | ~ | ~ | ~ | ~  | ~  | R |
|   phv135  | ingress |                                          |       |  |   |   |    |   |   |   |   |   |   |   |   |    |    |   |
|   [15:0]  | ingress |       hdr.ethernet.dstAddr[47:32]        |  pkt  |  | W | ~ | W  | ~ | ~ | ~ | ~ | ~ | ~ | ~ | ~ | ~  | ~  | R |
|   phv136  |    -    |                                          |       |  |   |   |    |   |   |   |   |   |   |   |   |    |    |   |
|   phv137  |    -    |                                          |       |  |   |   |    |   |   |   |   |   |   |   |   |    |    |   |
|   phv138  |    -    |                                          |       |  |   |   |    |   |   |   |   |   |   |   |   |    |    |   |
|   phv139  |    -    |                                          |       |  |   |   |    |   |   |   |   |   |   |   |   |    |    |   |
|   phv140  |    -    |                                          |       |  |   |   |    |   |   |   |   |   |   |   |   |    |    |   |
|   phv141  |    -    |                                          |       |  |   |   |    |   |   |   |   |   |   |   |   |    |    |   |
|   phv142  |    -    |                                          |       |  |   |   |    |   |   |   |   |   |   |   |   |    |    |   |
|   phv143  |    -    |                                          |       |  |   |   |    |   |   |   |   |   |   |   |   |    |    |   |
|   phv144  |  egress |                                          |       |  |   |   |    |   |   |   |   |   |   |   |   |    |    |   |
|    [8:0]  |  egress |       eg_intr_md.egress_port[8:0]        | imeta |  |   |   | R  |   |   |   |   |   |   |   |   |    |    |   |
|   phv145  |  egress |                                          |       |  |   |   |    |   |   |   |   |   |   |   |   |    |    |   |
|   [15:0]  |  egress |          hdr.lldp.port_id[15:0]          |  pkt  |  | W | ~ | ~  | ~ | ~ | ~ | ~ | ~ | ~ | ~ | ~ | ~  | ~  | R |
|   phv146  |    -    |                                          |       |  |   |   |    |   |   |   |   |   |   |   |   |    |    |   |
|   phv147  |    -    |                                          |       |  |   |   |    |   |   |   |   |   |   |   |   |    |    |   |
|   phv148  |    -    |                                          |       |  |   |   |    |   |   |   |   |   |   |   |   |    |    |   |
|   phv149  |    -    |                                          |       |  |   |   |    |   |   |   |   |   |   |   |   |    |    |   |
|   phv150  |    -    |                                          |       |  |   |   |    |   |   |   |   |   |   |   |   |    |    |   |
|   phv151  |    -    |                                          |       |  |   |   |    |   |   |   |   |   |   |   |   |    |    |   |
|   phv152  |    -    |                                          |       |  |   |   |    |   |   |   |   |   |   |   |   |    |    |   |
|   phv153  |    -    |                                          |       |  |   |   |    |   |   |   |   |   |   |   |   |    |    |   |
|   phv154  |    -    |                                          |       |  |   |   |    |   |   |   |   |   |   |   |   |    |    |   |
|   phv155  |    -    |                                          |       |  |   |   |    |   |   |   |   |   |   |   |   |    |    |   |
|   phv156  |    -    |                                          |       |  |   |   |    |   |   |   |   |   |   |   |   |    |    |   |
|   phv157  |    -    |                                          |       |  |   |   |    |   |   |   |   |   |   |   |   |    |    |   |
|   phv158  |    -    |                                          |       |  |   |   |    |   |   |   |   |   |   |   |   |    |    |   |
|   phv159  |    -    |                                          |       |  |   |   |    |   |   |   |   |   |   |   |   |    |    |   |
|   phv160  |    -    |                                          |       |  |   |   |    |   |   |   |   |   |   |   |   |    |    |   |
|   phv161  |    -    |                                          |       |  |   |   |    |   |   |   |   |   |   |   |   |    |    |   |
|   phv162  |    -    |                                          |       |  |   |   |    |   |   |   |   |   |   |   |   |    |    |   |
|   phv163  |    -    |                                          |       |  |   |   |    |   |   |   |   |   |   |   |   |    |    |   |
|   phv164  |    -    |                                          |       |  |   |   |    |   |   |   |   |   |   |   |   |    |    |   |
|   phv165  |    -    |                                          |       |  |   |   |    |   |   |   |   |   |   |   |   |    |    |   |
|   phv166  |    -    |                                          |       |  |   |   |    |   |   |   |   |   |   |   |   |    |    |   |
|   phv167  |    -    |                                          |       |  |   |   |    |   |   |   |   |   |   |   |   |    |    |   |
|   phv168  |    -    |                                          |       |  |   |   |    |   |   |   |   |   |   |   |   |    |    |   |
|   phv169  |    -    |                                          |       |  |   |   |    |   |   |   |   |   |   |   |   |    |    |   |
|   phv170  |    -    |                                          |       |  |   |   |    |   |   |   |   |   |   |   |   |    |    |   |
|   phv171  |    -    |                                          |       |  |   |   |    |   |   |   |   |   |   |   |   |    |    |   |
|   phv172  |    -    |                                          |       |  |   |   |    |   |   |   |   |   |   |   |   |    |    |   |
|   phv173  |    -    |                                          |       |  |   |   |    |   |   |   |   |   |   |   |   |    |    |   |
|   phv174  |    -    |                                          |       |  |   |   |    |   |   |   |   |   |   |   |   |    |    |   |
|   phv175  |    -    |                                          |       |  |   |   |    |   |   |   |   |   |   |   |   |    |    |   |
|   phv176  |    -    |                                          |       |  |   |   |    |   |   |   |   |   |   |   |   |    |    |   |
|   phv177  |    -    |                                          |       |  |   |   |    |   |   |   |   |   |   |   |   |    |    |   |
|   phv178  |    -    |                                          |       |  |   |   |    |   |   |   |   |   |   |   |   |    |    |   |
|   phv179  |    -    |                                          |       |  |   |   |    |   |   |   |   |   |   |   |   |    |    |   |
|   phv180  |    -    |                                          |       |  |   |   |    |   |   |   |   |   |   |   |   |    |    |   |
|   phv181  |    -    |                                          |       |  |   |   |    |   |   |   |   |   |   |   |   |    |    |   |
|   phv182  |    -    |                                          |       |  |   |   |    |   |   |   |   |   |   |   |   |    |    |   |
|   phv183  |    -    |                                          |       |  |   |   |    |   |   |   |   |   |   |   |   |    |    |   |
|   phv184  |    -    |                                          |       |  |   |   |    |   |   |   |   |   |   |   |   |    |    |   |
|   phv185  |    -    |                                          |       |  |   |   |    |   |   |   |   |   |   |   |   |    |    |   |
|   phv186  |    -    |                                          |       |  |   |   |    |   |   |   |   |   |   |   |   |    |    |   |
|   phv187  |    -    |                                          |       |  |   |   |    |   |   |   |   |   |   |   |   |    |    |   |
|   phv188  |    -    |                                          |       |  |   |   |    |   |   |   |   |   |   |   |   |    |    |   |
|   phv189  |    -    |                                          |       |  |   |   |    |   |   |   |   |   |   |   |   |    |    |   |
|   phv190  |    -    |                                          |       |  |   |   |    |   |   |   |   |   |   |   |   |    |    |   |
|   phv191  |    -    |                                          |       |  |   |   |    |   |   |   |   |   |   |   |   |    |    |   |
|   phv192  |    -    |                                          |       |  |   |   |    |   |   |   |   |   |   |   |   |    |    |   |
|   phv193  |    -    |                                          |       |  |   |   |    |   |   |   |   |   |   |   |   |    |    |   |
|   phv194  |    -    |                                          |       |  |   |   |    |   |   |   |   |   |   |   |   |    |    |   |
|   phv195  |    -    |                                          |       |  |   |   |    |   |   |   |   |   |   |   |   |    |    |   |
|   phv196  |    -    |                                          |       |  |   |   |    |   |   |   |   |   |   |   |   |    |    |   |
|   phv197  |    -    |                                          |       |  |   |   |    |   |   |   |   |   |   |   |   |    |    |   |
|   phv198  |    -    |                                          |       |  |   |   |    |   |   |   |   |   |   |   |   |    |    |   |
|   phv199  |    -    |                                          |       |  |   |   |    |   |   |   |   |   |   |   |   |    |    |   |
|   phv200  |    -    |                                          |       |  |   |   |    |   |   |   |   |   |   |   |   |    |    |   |
|   phv201  |    -    |                                          |       |  |   |   |    |   |   |   |   |   |   |   |   |    |    |   |
|   phv202  |    -    |                                          |       |  |   |   |    |   |   |   |   |   |   |   |   |    |    |   |
|   phv203  |    -    |                                          |       |  |   |   |    |   |   |   |   |   |   |   |   |    |    |   |
|   phv204  |    -    |                                          |       |  |   |   |    |   |   |   |   |   |   |   |   |    |    |   |
|   phv205  |    -    |                                          |       |  |   |   |    |   |   |   |   |   |   |   |   |    |    |   |
|   phv206  |    -    |                                          |       |  |   |   |    |   |   |   |   |   |   |   |   |    |    |   |
|   phv207  |    -    |                                          |       |  |   |   |    |   |   |   |   |   |   |   |   |    |    |   |
|   phv208  |    -    |                                          |       |  |   |   |    |   |   |   |   |   |   |   |   |    |    |   |
|   phv209  |    -    |                                          |       |  |   |   |    |   |   |   |   |   |   |   |   |    |    |   |
|   phv210  |    -    |                                          |       |  |   |   |    |   |   |   |   |   |   |   |   |    |    |   |
|   phv211  |    -    |                                          |       |  |   |   |    |   |   |   |   |   |   |   |   |    |    |   |
|   phv212  |    -    |                                          |       |  |   |   |    |   |   |   |   |   |   |   |   |    |    |   |
|   phv213  |    -    |                                          |       |  |   |   |    |   |   |   |   |   |   |   |   |    |    |   |
|   phv214  |    -    |                                          |       |  |   |   |    |   |   |   |   |   |   |   |   |    |    |   |
|   phv215  |    -    |                                          |       |  |   |   |    |   |   |   |   |   |   |   |   |    |    |   |
|   phv216  |    -    |                                          |       |  |   |   |    |   |   |   |   |   |   |   |   |    |    |   |
|   phv217  |    -    |                                          |       |  |   |   |    |   |   |   |   |   |   |   |   |    |    |   |
|   phv218  |    -    |                                          |       |  |   |   |    |   |   |   |   |   |   |   |   |    |    |   |
|   phv219  |    -    |                                          |       |  |   |   |    |   |   |   |   |   |   |   |   |    |    |   |
|   phv220  |    -    |                                          |       |  |   |   |    |   |   |   |   |   |   |   |   |    |    |   |
|   phv221  |    -    |                                          |       |  |   |   |    |   |   |   |   |   |   |   |   |    |    |   |
|   phv222  |    -    |                                          |       |  |   |   |    |   |   |   |   |   |   |   |   |    |    |   |
|   phv223  |    -    |                                          |       |  |   |   |    |   |   |   |   |   |   |   |   |    |    |   |
|   phv224  |    -    |                                          |       |  |   |   |    |   |   |   |   |   |   |   |   |    |    |   |
|   phv225  |    -    |                                          |       |  |   |   |    |   |   |   |   |   |   |   |   |    |    |   |
|   phv226  |    -    |                                          |       |  |   |   |    |   |   |   |   |   |   |   |   |    |    |   |
|   phv227  |    -    |                                          |       |  |   |   |    |   |   |   |   |   |   |   |   |    |    |   |
|   phv228  |    -    |                                          |       |  |   |   |    |   |   |   |   |   |   |   |   |    |    |   |
|   phv229  |    -    |                                          |       |  |   |   |    |   |   |   |   |   |   |   |   |    |    |   |
|   phv230  |    -    |                                          |       |  |   |   |    |   |   |   |   |   |   |   |   |    |    |   |
|   phv231  |    -    |                                          |       |  |   |   |    |   |   |   |   |   |   |   |   |    |    |   |
|   phv232  |    -    |                                          |       |  |   |   |    |   |   |   |   |   |   |   |   |    |    |   |
|   phv233  |    -    |                                          |       |  |   |   |    |   |   |   |   |   |   |   |   |    |    |   |
|   phv234  |    -    |                                          |       |  |   |   |    |   |   |   |   |   |   |   |   |    |    |   |
|   phv235  |    -    |                                          |       |  |   |   |    |   |   |   |   |   |   |   |   |    |    |   |
|   phv236  |    -    |                                          |       |  |   |   |    |   |   |   |   |   |   |   |   |    |    |   |
|   phv237  |    -    |                                          |       |  |   |   |    |   |   |   |   |   |   |   |   |    |    |   |
|   phv238  |    -    |                                          |       |  |   |   |    |   |   |   |   |   |   |   |   |    |    |   |
|   phv239  |    -    |                                          |       |  |   |   |    |   |   |   |   |   |   |   |   |    |    |   |
|   phv240  |    -    |                                          |       |  |   |   |    |   |   |   |   |   |   |   |   |    |    |   |
|   phv241  |    -    |                                          |       |  |   |   |    |   |   |   |   |   |   |   |   |    |    |   |
|   phv242  |    -    |                                          |       |  |   |   |    |   |   |   |   |   |   |   |   |    |    |   |
|   phv243  |    -    |                                          |       |  |   |   |    |   |   |   |   |   |   |   |   |    |    |   |
|   phv244  |    -    |                                          |       |  |   |   |    |   |   |   |   |   |   |   |   |    |    |   |
|   phv245  |    -    |                                          |       |  |   |   |    |   |   |   |   |   |   |   |   |    |    |   |
|   phv246  |    -    |                                          |       |  |   |   |    |   |   |   |   |   |   |   |   |    |    |   |
|   phv247  |    -    |                                          |       |  |   |   |    |   |   |   |   |   |   |   |   |    |    |   |
|   phv248  |    -    |                                          |       |  |   |   |    |   |   |   |   |   |   |   |   |    |    |   |
|   phv249  |    -    |                                          |       |  |   |   |    |   |   |   |   |   |   |   |   |    |    |   |
|   phv250  |    -    |                                          |       |  |   |   |    |   |   |   |   |   |   |   |   |    |    |   |
|   phv251  |    -    |                                          |       |  |   |   |    |   |   |   |   |   |   |   |   |    |    |   |
|   phv252  |    -    |                                          |       |  |   |   |    |   |   |   |   |   |   |   |   |    |    |   |
|   phv253  |    -    |                                          |       |  |   |   |    |   |   |   |   |   |   |   |   |    |    |   |
|   phv254  |    -    |                                          |       |  |   |   |    |   |   |   |   |   |   |   |   |    |    |   |
|   phv255  |    -    |                                          |       |  |   |   |    |   |   |   |   |   |   |   |   |    |    |   |
|           |         |                                          |       |  |   |   |    |   |   |   |   |   |   |   |   |    |    |   |
|   phv256  | ingress |                                          |       |  |   |   |    |   |   |   |   |   |   |   |   |    |    |   |
|   [31:0]  | ingress |       hdr.ethernet.srcAddr[47:16]        |  pkt  |  | W | ~ | ~  | ~ | ~ | ~ | ~ | ~ | ~ | ~ | ~ | ~  | ~  | R |
|   phv257  |    -    |                                          |       |  |   |   |    |   |   |   |   |   |   |   |   |    |    |   |
|   phv258  |    -    |                                          |       |  |   |   |    |   |   |   |   |   |   |   |   |    |    |   |
|   phv259  |    -    |                                          |       |  |   |   |    |   |   |   |   |   |   |   |   |    |    |   |
|   phv260  |  egress |                                          | OL,SH |  |   |   |    |   |   |   |   |   |   |   |   |    |    |   |
|   [31:16] |  egress |   hdr.cpu_metadata.origEtherType[15:0]   |  pkt  |  | W | ~ | ~  | ~ | ~ | ~ | ~ | ~ | ~ | ~ | ~ | ~  | ~  | R |
|   [31:0]  |  egress |         hdr.lldp.switch_id[31:0]         |  pkt  |  | W | ~ | ~  | ~ | ~ | ~ | ~ | ~ | ~ | ~ | ~ | ~  | ~  | R |
|   [15:0]  |  egress |      hdr.cpu_metadata.srcPort[15:0]      |  pkt  |  | W | ~ | ~  | ~ | ~ | ~ | ~ | ~ | ~ | ~ | ~ | ~  | ~  | R |
|   phv261  |  egress |                                          |       |  |   |   |    |   |   |   |   |   |   |   |   |    |    |   |
|   [31:0]  |  egress |        hdr.ethernet.srcAddr[31:0]        |  pkt  |  | W | ~ | ~  | ~ | ~ | ~ | ~ | ~ | ~ | ~ | ~ | ~  | ~  | R |
|   phv262  |  egress |                                          |       |  |   |   |    |   |   |   |   |   |   |   |   |    |    |   |
|   [31:0]  |  egress |        hdr.ethernet.dstAddr[31:0]        |  pkt  |  | W | ~ | ~  | ~ | ~ | ~ | ~ | ~ | ~ | ~ | ~ | ~  | ~  | R |
|   phv263  |  egress |                                          |       |  |   |   |    |   |   |   |   |   |   |   |   |    |    |   |
|   [31:0]  |  egress |     hdr.cpu_metadata.switch_id[31:0]     |  pkt  |  | W | ~ | ~  | ~ | ~ | ~ | ~ | ~ | ~ | ~ | ~ | ~  | ~  | R |
|   phv264  |    -    |                                          |       |  |   |   |    |   |   |   |   |   |   |   |   |    |    |   |
|   phv265  |    -    |                                          |       |  |   |   |    |   |   |   |   |   |   |   |   |    |    |   |
|   phv266  |    -    |                                          |       |  |   |   |    |   |   |   |   |   |   |   |   |    |    |   |
|   phv267  |    -    |                                          |       |  |   |   |    |   |   |   |   |   |   |   |   |    |    |   |
|   phv268  |    -    |                                          |       |  |   |   |    |   |   |   |   |   |   |   |   |    |    |   |
|   phv269  |    -    |                                          |       |  |   |   |    |   |   |   |   |   |   |   |   |    |    |   |
|   phv270  |    -    |                                          |       |  |   |   |    |   |   |   |   |   |   |   |   |    |    |   |
|   phv271  |    -    |                                          |       |  |   |   |    |   |   |   |   |   |   |   |   |    |    |   |
|   phv272  |    -    |                                          |       |  |   |   |    |   |   |   |   |   |   |   |   |    |    |   |
|   phv273  |    -    |                                          |       |  |   |   |    |   |   |   |   |   |   |   |   |    |    |   |
|   phv274  |    -    |                                          |       |  |   |   |    |   |   |   |   |   |   |   |   |    |    |   |
|   phv275  |    -    |                                          |       |  |   |   |    |   |   |   |   |   |   |   |   |    |    |   |
|   phv276  |    -    |                                          |       |  |   |   |    |   |   |   |   |   |   |   |   |    |    |   |
|   phv277  |    -    |                                          |       |  |   |   |    |   |   |   |   |   |   |   |   |    |    |   |
|   phv278  |    -    |                                          |       |  |   |   |    |   |   |   |   |   |   |   |   |    |    |   |
|   phv279  |    -    |                                          |       |  |   |   |    |   |   |   |   |   |   |   |   |    |    |   |
|   phv280  |    -    |                                          |       |  |   |   |    |   |   |   |   |   |   |   |   |    |    |   |
|   phv281  |    -    |                                          |       |  |   |   |    |   |   |   |   |   |   |   |   |    |    |   |
|   phv282  |    -    |                                          |       |  |   |   |    |   |   |   |   |   |   |   |   |    |    |   |
|   phv283  |    -    |                                          |       |  |   |   |    |   |   |   |   |   |   |   |   |    |    |   |
|   phv284  |    -    |                                          |       |  |   |   |    |   |   |   |   |   |   |   |   |    |    |   |
|   phv285  |    -    |                                          |       |  |   |   |    |   |   |   |   |   |   |   |   |    |    |   |
|   phv286  |    -    |                                          |       |  |   |   |    |   |   |   |   |   |   |   |   |    |    |   |
|   phv287  |    -    |                                          |       |  |   |   |    |   |   |   |   |   |   |   |   |    |    |   |
|           |         |                                          |       |  |   |   |    |   |   |   |   |   |   |   |   |    |    |   |
|   phv288  |    -    |                                          |       |  |   |   |    |   |   |   |   |   |   |   |   |    |    |   |
|   phv289  |    -    |                                          |       |  |   |   |    |   |   |   |   |   |   |   |   |    |    |   |
|   phv290  |    -    |                                          |       |  |   |   |    |   |   |   |   |   |   |   |   |    |    |   |
|   phv291  |    -    |                                          |       |  |   |   |    |   |   |   |   |   |   |   |   |    |    |   |
|   phv292  |    -    |                                          |       |  |   |   |    |   |   |   |   |   |   |   |   |    |    |   |
|   phv293  |    -    |                                          |       |  |   |   |    |   |   |   |   |   |   |   |   |    |    |   |
|   phv294  |    -    |                                          |       |  |   |   |    |   |   |   |   |   |   |   |   |    |    |   |
|   phv295  |    -    |                                          |       |  |   |   |    |   |   |   |   |   |   |   |   |    |    |   |
|   phv296  |    -    |                                          |       |  |   |   |    |   |   |   |   |   |   |   |   |    |    |   |
|   phv297  |    -    |                                          |       |  |   |   |    |   |   |   |   |   |   |   |   |    |    |   |
|   phv298  |    -    |                                          |       |  |   |   |    |   |   |   |   |   |   |   |   |    |    |   |
|   phv299  |    -    |                                          |       |  |   |   |    |   |   |   |   |   |   |   |   |    |    |   |
|   phv300  |    -    |                                          |       |  |   |   |    |   |   |   |   |   |   |   |   |    |    |   |
|   phv301  |    -    |                                          |       |  |   |   |    |   |   |   |   |   |   |   |   |    |    |   |
|   phv302  |    -    |                                          |       |  |   |   |    |   |   |   |   |   |   |   |   |    |    |   |
|   phv303  |    -    |                                          |       |  |   |   |    |   |   |   |   |   |   |   |   |    |    |   |
|   phv304  |    -    |                                          |       |  |   |   |    |   |   |   |   |   |   |   |   |    |    |   |
|   phv305  |    -    |                                          |       |  |   |   |    |   |   |   |   |   |   |   |   |    |    |   |
|   phv306  |    -    |                                          |       |  |   |   |    |   |   |   |   |   |   |   |   |    |    |   |
|   phv307  |    -    |                                          |       |  |   |   |    |   |   |   |   |   |   |   |   |    |    |   |
|   phv308  |    -    |                                          |       |  |   |   |    |   |   |   |   |   |   |   |   |    |    |   |
|   phv309  |    -    |                                          |       |  |   |   |    |   |   |   |   |   |   |   |   |    |    |   |
|   phv310  |    -    |                                          |       |  |   |   |    |   |   |   |   |   |   |   |   |    |    |   |
|   phv311  |    -    |                                          |       |  |   |   |    |   |   |   |   |   |   |   |   |    |    |   |
|   phv312  |    -    |                                          |       |  |   |   |    |   |   |   |   |   |   |   |   |    |    |   |
|   phv313  |    -    |                                          |       |  |   |   |    |   |   |   |   |   |   |   |   |    |    |   |
|   phv314  |    -    |                                          |       |  |   |   |    |   |   |   |   |   |   |   |   |    |    |   |
|   phv315  |    -    |                                          |       |  |   |   |    |   |   |   |   |   |   |   |   |    |    |   |
|   phv316  |    -    |                                          |       |  |   |   |    |   |   |   |   |   |   |   |   |    |    |   |
|   phv317  |    -    |                                          |       |  |   |   |    |   |   |   |   |   |   |   |   |    |    |   |
|   phv318  |    -    |                                          |       |  |   |   |    |   |   |   |   |   |   |   |   |    |    |   |
|   phv319  |    -    |                                          |       |  |   |   |    |   |   |   |   |   |   |   |   |    |    |   |
|           |         |                                          |       |  |   |   |    |   |   |   |   |   |   |   |   |    |    |   |
|   phv320  | ingress |                                          |       |  |   |   |    |   |   |   |   |   |   |   |   |    |    |   |
|   [15:0]  | ingress |        hdr.ethernet.srcAddr[15:0]        |  pkt  |  | W | ~ | ~  | ~ | ~ | ~ | ~ | ~ | ~ | ~ | ~ | ~  | ~  | R |
|   phv321  |    -    |                                          |       |  |   |   |    |   |   |   |   |   |   |   |   |    |    |   |
|   phv322  |    -    |                                          |       |  |   |   |    |   |   |   |   |   |   |   |   |    |    |   |
|   phv323  |    -    |                                          |       |  |   |   |    |   |   |   |   |   |   |   |   |    |    |   |
|   phv324  |    -    |                                          |       |  |   |   |    |   |   |   |   |   |   |   |   |    |    |   |
|   phv325  |    -    |                                          |       |  |   |   |    |   |   |   |   |   |   |   |   |    |    |   |
|   phv326  |  egress |                                          |       |  |   |   |    |   |   |   |   |   |   |   |   |    |    |   |
|   [15:0]  |  egress |       hdr.ethernet.etherType[15:0]       |  pkt  |  | W | ~ | ~  | ~ | ~ | ~ | ~ | ~ | ~ | ~ | ~ | ~  | ~  | R |
|   phv327  |  egress |                                          |       |  |   |   |    |   |   |   |   |   |   |   |   |    |    |   |
|   [15:0]  |  egress |       hdr.ethernet.srcAddr[47:32]        |  pkt  |  | W | ~ | ~  | ~ | ~ | ~ | ~ | ~ | ~ | ~ | ~ | ~  | ~  | R |
|   phv328  |  egress |                                          |       |  |   |   |    |   |   |   |   |   |   |   |   |    |    |   |
|   [15:0]  |  egress |       hdr.ethernet.dstAddr[47:32]        |  pkt  |  | W | ~ | ~  | ~ | ~ | ~ | ~ | ~ | ~ | ~ | ~ | ~  | ~  | R |
|   phv329  |    -    |                                          |       |  |   |   |    |   |   |   |   |   |   |   |   |    |    |   |
|   phv330  |    -    |                                          |       |  |   |   |    |   |   |   |   |   |   |   |   |    |    |   |
|   phv331  |    -    |                                          |       |  |   |   |    |   |   |   |   |   |   |   |   |    |    |   |
|   phv332  |    -    |                                          |       |  |   |   |    |   |   |   |   |   |   |   |   |    |    |   |
|   phv333  |    -    |                                          |       |  |   |   |    |   |   |   |   |   |   |   |   |    |    |   |
|   phv334  |    -    |                                          |       |  |   |   |    |   |   |   |   |   |   |   |   |    |    |   |
|   phv335  |    -    |                                          |       |  |   |   |    |   |   |   |   |   |   |   |   |    |    |   |
|   phv336  |    -    |                                          |       |  |   |   |    |   |   |   |   |   |   |   |   |    |    |   |
|   phv337  |    -    |                                          |       |  |   |   |    |   |   |   |   |   |   |   |   |    |    |   |
|   phv338  |    -    |                                          |       |  |   |   |    |   |   |   |   |   |   |   |   |    |    |   |
|   phv339  |    -    |                                          |       |  |   |   |    |   |   |   |   |   |   |   |   |    |    |   |
|   phv340  |    -    |                                          |       |  |   |   |    |   |   |   |   |   |   |   |   |    |    |   |
|   phv341  |    -    |                                          |       |  |   |   |    |   |   |   |   |   |   |   |   |    |    |   |
|   phv342  |    -    |                                          |       |  |   |   |    |   |   |   |   |   |   |   |   |    |    |   |
|   phv343  |    -    |                                          |       |  |   |   |    |   |   |   |   |   |   |   |   |    |    |   |
|   phv344  |    -    |                                          |       |  |   |   |    |   |   |   |   |   |   |   |   |    |    |   |
|   phv345  |    -    |                                          |       |  |   |   |    |   |   |   |   |   |   |   |   |    |    |   |
|   phv346  |    -    |                                          |       |  |   |   |    |   |   |   |   |   |   |   |   |    |    |   |
|   phv347  |    -    |                                          |       |  |   |   |    |   |   |   |   |   |   |   |   |    |    |   |
|   phv348  |    -    |                                          |       |  |   |   |    |   |   |   |   |   |   |   |   |    |    |   |
|   phv349  |    -    |                                          |       |  |   |   |    |   |   |   |   |   |   |   |   |    |    |   |
|   phv350  |    -    |                                          |       |  |   |   |    |   |   |   |   |   |   |   |   |    |    |   |
|   phv351  |    -    |                                          |       |  |   |   |    |   |   |   |   |   |   |   |   |    |    |   |
|   phv352  |    -    |                                          |       |  |   |   |    |   |   |   |   |   |   |   |   |    |    |   |
|   phv353  |    -    |                                          |       |  |   |   |    |   |   |   |   |   |   |   |   |    |    |   |
|   phv354  |    -    |                                          |       |  |   |   |    |   |   |   |   |   |   |   |   |    |    |   |
|   phv355  |    -    |                                          |       |  |   |   |    |   |   |   |   |   |   |   |   |    |    |   |
|   phv356  |    -    |                                          |       |  |   |   |    |   |   |   |   |   |   |   |   |    |    |   |
|   phv357  |    -    |                                          |       |  |   |   |    |   |   |   |   |   |   |   |   |    |    |   |
|   phv358  |    -    |                                          |       |  |   |   |    |   |   |   |   |   |   |   |   |    |    |   |
|   phv359  |    -    |                                          |       |  |   |   |    |   |   |   |   |   |   |   |   |    |    |   |
|   phv360  |    -    |                                          |       |  |   |   |    |   |   |   |   |   |   |   |   |    |    |   |
|   phv361  |    -    |                                          |       |  |   |   |    |   |   |   |   |   |   |   |   |    |    |   |
|   phv362  |    -    |                                          |       |  |   |   |    |   |   |   |   |   |   |   |   |    |    |   |
|   phv363  |    -    |                                          |       |  |   |   |    |   |   |   |   |   |   |   |   |    |    |   |
|   phv364  |    -    |                                          |       |  |   |   |    |   |   |   |   |   |   |   |   |    |    |   |
|   phv365  |    -    |                                          |       |  |   |   |    |   |   |   |   |   |   |   |   |    |    |   |
|   phv366  |    -    |                                          |       |  |   |   |    |   |   |   |   |   |   |   |   |    |    |   |
|   phv367  |    -    |                                          |       |  |   |   |    |   |   |   |   |   |   |   |   |    |    |   |
-----------------------------------------------------------------------------------------------------------------------------------------


Containers used: 27
Containers with data overlayed: 3  (11.11%)
Containers shared: 5  (18.52%)

------------------------
  Legend:
------------------------
   P:     Parsed
   D:     Deparsed
   OL:    Overlay
   SH:    Shared
   pkt:   Packet data
   meta:  Metadata
   imeta: Intrinsic Metadata
   pov:   Packet Occupancy Vector bit
   R:     Read
   W:     Write
   ~:     Field is live


----------------------------------------------------------------------------------------------------------------------------------------
| Direction | Location | Fields Live  | Bits Live | Header Fields Live | Header Bits Live | Metadata Fields Live | Metadata Bits Live |
----------------------------------------------------------------------------------------------------------------------------------------
|  ingress  |  Parser  | 12 (63.16%)  |    235    |    9 (100.00%)     |       232        |      3 (30.00%)      |         3          |
|  ingress  | Stage 0  | 13 (68.42%)  |    267    |    9 (100.00%)     |       232        |      4 (40.00%)      |         35         |
|  ingress  | Stage 1  | 16 (84.21%)  |    275    |    9 (100.00%)     |       232        |      7 (70.00%)      |         43         |
|  ingress  | Stage 2  | 16 (84.21%)  |    269    |    9 (100.00%)     |       232        |      7 (70.00%)      |         37         |
|  ingress  | Stage 3  | 16 (84.21%)  |    298    |    9 (100.00%)     |       232        |      7 (70.00%)      |         66         |
|  ingress  | Stage 4  | 14 (73.68%)  |    260    |    9 (100.00%)     |       232        |      5 (50.00%)      |         28         |
|  ingress  | Stage 5  | 14 (73.68%)  |    260    |    9 (100.00%)     |       232        |      5 (50.00%)      |         28         |
|  ingress  | Stage 6  | 14 (73.68%)  |    260    |    9 (100.00%)     |       232        |      5 (50.00%)      |         28         |
|  ingress  | Stage 7  | 14 (73.68%)  |    260    |    9 (100.00%)     |       232        |      5 (50.00%)      |         28         |
|  ingress  | Stage 8  | 14 (73.68%)  |    260    |    9 (100.00%)     |       232        |      5 (50.00%)      |         28         |
|  ingress  | Stage 9  | 14 (73.68%)  |    260    |    9 (100.00%)     |       232        |      5 (50.00%)      |         28         |
|  ingress  | Stage 10 | 14 (73.68%)  |    260    |    9 (100.00%)     |       232        |      5 (50.00%)      |         28         |
|  ingress  | Stage 11 | 14 (73.68%)  |    260    |    9 (100.00%)     |       232        |      5 (50.00%)      |         28         |
|  ingress  | Deparser | 14 (73.68%)  |    260    |    9 (100.00%)     |       232        |      5 (50.00%)      |         28         |
|           |          |              |           |                    |                  |                      |                    |
|   egress  |  Parser  | 12 (92.31%)  |    235    |    9 (100.00%)     |       232        |      3 (75.00%)      |         3          |
|   egress  | Stage 0  | 12 (92.31%)  |    235    |    9 (100.00%)     |       232        |      3 (75.00%)      |         3          |
|   egress  | Stage 1  | 13 (100.00%) |    244    |    9 (100.00%)     |       232        |     4 (100.00%)      |         12         |
|   egress  | Stage 2  | 12 (92.31%)  |    235    |    9 (100.00%)     |       232        |      3 (75.00%)      |         3          |
|   egress  | Stage 3  | 12 (92.31%)  |    235    |    9 (100.00%)     |       232        |      3 (75.00%)      |         3          |
|   egress  | Stage 4  | 12 (92.31%)  |    235    |    9 (100.00%)     |       232        |      3 (75.00%)      |         3          |
|   egress  | Stage 5  | 12 (92.31%)  |    235    |    9 (100.00%)     |       232        |      3 (75.00%)      |         3          |
|   egress  | Stage 6  | 12 (92.31%)  |    235    |    9 (100.00%)     |       232        |      3 (75.00%)      |         3          |
|   egress  | Stage 7  | 12 (92.31%)  |    235    |    9 (100.00%)     |       232        |      3 (75.00%)      |         3          |
|   egress  | Stage 8  | 12 (92.31%)  |    235    |    9 (100.00%)     |       232        |      3 (75.00%)      |         3          |
|   egress  | Stage 9  | 12 (92.31%)  |    235    |    9 (100.00%)     |       232        |      3 (75.00%)      |         3          |
|   egress  | Stage 10 | 12 (92.31%)  |    235    |    9 (100.00%)     |       232        |      3 (75.00%)      |         3          |
|   egress  | Stage 11 | 12 (92.31%)  |    235    |    9 (100.00%)     |       232        |      3 (75.00%)      |         3          |
|   egress  | Deparser | 12 (92.31%)  |    235    |    9 (100.00%)     |       232        |      3 (75.00%)      |         3          |
----------------------------------------------------------------------------------------------------------------------------------------




------------------------------------------------------------------------------------------------------------------------------------------------------------------------------------------------------------------------------
| Direction | Container |    Parser   |   Stage 0   |   Stage 1   |   Stage 2   |   Stage 3   |   Stage 4   |   Stage 5   |   Stage 6   |   Stage 7   |   Stage 8   |   Stage 9   |   Stage 10  |   Stage 11  |   Deparser  |
------------------------------------------------------------------------------------------------------------------------------------------------------------------------------------------------------------------------------
|  ingress  |    phv0   | 2 (32 bits) | 2 (32 bits) | 2 (32 bits) | 2 (32 bits) | 2 (32 bits) | 2 (32 bits) | 2 (32 bits) | 2 (32 bits) | 2 (32 bits) | 2 (32 bits) | 2 (32 bits) | 2 (32 bits) | 2 (32 bits) | 2 (32 bits) |
|  ingress  |    phv1   |      -      | 1 (32 bits) |      -      |      -      |      -      |      -      |      -      |      -      |      -      |      -      |      -      |      -      |      -      |      -      |
|  ingress  |    phv2   | 1 (32 bits) | 1 (32 bits) | 1 (32 bits) | 1 (32 bits) | 1 (32 bits) | 1 (32 bits) | 1 (32 bits) | 1 (32 bits) | 1 (32 bits) | 1 (32 bits) | 1 (32 bits) | 1 (32 bits) | 1 (32 bits) | 1 (32 bits) |
|  ingress  |    phv3   |      -      |      -      |      -      |      -      | 1 (32 bits) |      -      |      -      |      -      |      -      |      -      |      -      |      -      |      -      |      -      |
|           |           |             |             |             |             |             |             |             |             |             |             |             |             |             |             |
|  ingress  |   phv64   |  1 (8 bits) |  1 (8 bits) |  1 (8 bits) |  1 (8 bits) |  1 (8 bits) |  1 (8 bits) |  1 (8 bits) |  1 (8 bits) |  1 (8 bits) |  1 (8 bits) |  1 (8 bits) |  1 (8 bits) |  1 (8 bits) |  1 (8 bits) |
|  ingress  |   phv65   |  3 (3 bits) |  3 (3 bits) |  3 (3 bits) |  4 (6 bits) |  3 (3 bits) |  3 (3 bits) |  3 (3 bits) |  3 (3 bits) |  3 (3 bits) |  3 (3 bits) |  3 (3 bits) |  3 (3 bits) |  3 (3 bits) |  3 (3 bits) |
|   egress  |   phv80   |  1 (8 bits) |  1 (8 bits) |  1 (8 bits) |  1 (8 bits) |  1 (8 bits) |  1 (8 bits) |  1 (8 bits) |  1 (8 bits) |  1 (8 bits) |  1 (8 bits) |  1 (8 bits) |  1 (8 bits) |  1 (8 bits) |  1 (8 bits) |
|   egress  |   phv81   |  3 (3 bits) |  3 (3 bits) |  3 (3 bits) |  3 (3 bits) |  3 (3 bits) |  3 (3 bits) |  3 (3 bits) |  3 (3 bits) |  3 (3 bits) |  3 (3 bits) |  3 (3 bits) |  3 (3 bits) |  3 (3 bits) |  3 (3 bits) |
|           |           |             |             |             |             |             |             |             |             |             |             |             |             |             |             |
|  ingress  |   phv128  | 2 (16 bits) | 2 (16 bits) | 2 (16 bits) | 2 (16 bits) | 2 (16 bits) | 2 (16 bits) | 2 (16 bits) | 2 (16 bits) | 2 (16 bits) | 2 (16 bits) | 2 (16 bits) | 2 (16 bits) | 2 (16 bits) | 2 (16 bits) |
|  ingress  |   phv129  | 1 (16 bits) | 1 (16 bits) | 1 (16 bits) | 1 (16 bits) | 1 (16 bits) | 1 (16 bits) | 1 (16 bits) | 1 (16 bits) | 1 (16 bits) | 1 (16 bits) | 1 (16 bits) | 1 (16 bits) | 1 (16 bits) | 1 (16 bits) |
|  ingress  |   phv130  |      -      |      -      |  1 (9 bits) |      -      |      -      |      -      |      -      |      -      |      -      |      -      |      -      |      -      |      -      |      -      |
|  ingress  |   phv131  | 1 (16 bits) | 1 (16 bits) | 1 (16 bits) | 1 (16 bits) | 1 (16 bits) | 1 (16 bits) | 1 (16 bits) | 1 (16 bits) | 1 (16 bits) | 1 (16 bits) | 1 (16 bits) | 1 (16 bits) | 1 (16 bits) | 1 (16 bits) |
|  ingress  |   phv132  |      -      |      -      |  1 (6 bits) |  1 (6 bits) |  1 (6 bits) |      -      |      -      |      -      |      -      |      -      |      -      |      -      |      -      |      -      |
|  ingress  |   phv133  |      -      |      -      | 1 (16 bits) | 1 (16 bits) | 1 (16 bits) | 1 (16 bits) | 1 (16 bits) | 1 (16 bits) | 1 (16 bits) | 1 (16 bits) | 1 (16 bits) | 1 (16 bits) | 1 (16 bits) | 1 (16 bits) |
|  ingress  |   phv134  |      -      |      -      |  1 (9 bits) |  1 (9 bits) |  1 (9 bits) |  1 (9 bits) |  1 (9 bits) |  1 (9 bits) |  1 (9 bits) |  1 (9 bits) |  1 (9 bits) |  1 (9 bits) |  1 (9 bits) |  1 (9 bits) |
|  ingress  |   phv135  | 1 (16 bits) | 1 (16 bits) | 1 (16 bits) | 1 (16 bits) | 1 (16 bits) | 1 (16 bits) | 1 (16 bits) | 1 (16 bits) | 1 (16 bits) | 1 (16 bits) | 1 (16 bits) | 1 (16 bits) | 1 (16 bits) | 1 (16 bits) |
|   egress  |   phv144  |      -      |      -      |  1 (9 bits) |      -      |      -      |      -      |      -      |      -      |      -      |      -      |      -      |      -      |      -      |      -      |
|   egress  |   phv145  | 1 (16 bits) | 1 (16 bits) | 1 (16 bits) | 1 (16 bits) | 1 (16 bits) | 1 (16 bits) | 1 (16 bits) | 1 (16 bits) | 1 (16 bits) | 1 (16 bits) | 1 (16 bits) | 1 (16 bits) | 1 (16 bits) | 1 (16 bits) |
|           |           |             |             |             |             |             |             |             |             |             |             |             |             |             |             |
|  ingress  |   phv256  | 1 (32 bits) | 1 (32 bits) | 1 (32 bits) | 1 (32 bits) | 1 (32 bits) | 1 (32 bits) | 1 (32 bits) | 1 (32 bits) | 1 (32 bits) | 1 (32 bits) | 1 (32 bits) | 1 (32 bits) | 1 (32 bits) | 1 (32 bits) |
|   egress  |   phv260  | 3 (32 bits) | 3 (32 bits) | 3 (32 bits) | 3 (32 bits) | 3 (32 bits) | 3 (32 bits) | 3 (32 bits) | 3 (32 bits) | 3 (32 bits) | 3 (32 bits) | 3 (32 bits) | 3 (32 bits) | 3 (32 bits) | 3 (32 bits) |
|   egress  |   phv261  | 1 (32 bits) | 1 (32 bits) | 1 (32 bits) | 1 (32 bits) | 1 (32 bits) | 1 (32 bits) | 1 (32 bits) | 1 (32 bits) | 1 (32 bits) | 1 (32 bits) | 1 (32 bits) | 1 (32 bits) | 1 (32 bits) | 1 (32 bits) |
|   egress  |   phv262  | 1 (32 bits) | 1 (32 bits) | 1 (32 bits) | 1 (32 bits) | 1 (32 bits) | 1 (32 bits) | 1 (32 bits) | 1 (32 bits) | 1 (32 bits) | 1 (32 bits) | 1 (32 bits) | 1 (32 bits) | 1 (32 bits) | 1 (32 bits) |
|   egress  |   phv263  | 1 (32 bits) | 1 (32 bits) | 1 (32 bits) | 1 (32 bits) | 1 (32 bits) | 1 (32 bits) | 1 (32 bits) | 1 (32 bits) | 1 (32 bits) | 1 (32 bits) | 1 (32 bits) | 1 (32 bits) | 1 (32 bits) | 1 (32 bits) |
|           |           |             |             |             |             |             |             |             |             |             |             |             |             |             |             |
|  ingress  |   phv320  | 1 (16 bits) | 1 (16 bits) | 1 (16 bits) | 1 (16 bits) | 1 (16 bits) | 1 (16 bits) | 1 (16 bits) | 1 (16 bits) | 1 (16 bits) | 1 (16 bits) | 1 (16 bits) | 1 (16 bits) | 1 (16 bits) | 1 (16 bits) |
|   egress  |   phv326  | 1 (16 bits) | 1 (16 bits) | 1 (16 bits) | 1 (16 bits) | 1 (16 bits) | 1 (16 bits) | 1 (16 bits) | 1 (16 bits) | 1 (16 bits) | 1 (16 bits) | 1 (16 bits) | 1 (16 bits) | 1 (16 bits) | 1 (16 bits) |
|   egress  |   phv327  | 1 (16 bits) | 1 (16 bits) | 1 (16 bits) | 1 (16 bits) | 1 (16 bits) | 1 (16 bits) | 1 (16 bits) | 1 (16 bits) | 1 (16 bits) | 1 (16 bits) | 1 (16 bits) | 1 (16 bits) | 1 (16 bits) | 1 (16 bits) |
|   egress  |   phv328  | 1 (16 bits) | 1 (16 bits) | 1 (16 bits) | 1 (16 bits) | 1 (16 bits) | 1 (16 bits) | 1 (16 bits) | 1 (16 bits) | 1 (16 bits) | 1 (16 bits) | 1 (16 bits) | 1 (16 bits) | 1 (16 bits) | 1 (16 bits) |
------------------------------------------------------------------------------------------------------------------------------------------------------------------------------------------------------------------------------

